Using pre-set license
Built from '2021.3/china_unity/release' branch; Version is '2021.3.23f1c1 (b82b1f861975) revision 12069663'; Using compiler version '192829333'; Build Type 'Release'
OS: 'Windows 11  (10.0.22621) 64bit CoreCountrySpecific' Language: 'zh' Physical Memory: 32508 MB
BatchMode: 1, IsHumanControllingUs: 0, StartBugReporterOnCrash: 0, Is64bit: 1, IsPro: 1

COMMAND LINE ARGUMENTS:
D:\Program_Files\Unity\Hub\Editor\2021.3.23f1c1\Editor\Unity.exe
-adb2
-batchMode
-noUpm
-name
AssetImportWorker0
-projectPath
D:/sjw16/Desktop/Work_Folder/Unity/My project
-logFile
Logs/AssetImportWorker0.log
-srvPort
52694
Successfully changed project path to: D:/sjw16/Desktop/Work_Folder/Unity/My project
D:/sjw16/Desktop/Work_Folder/Unity/My project
[UnityMemory] Configuration Parameters - Can be set up in boot.config
    "memorysetup-bucket-allocator-granularity=16"
    "memorysetup-bucket-allocator-bucket-count=8"
    "memorysetup-bucket-allocator-block-size=33554432"
    "memorysetup-bucket-allocator-block-count=8"
    "memorysetup-main-allocator-block-size=16777216"
    "memorysetup-thread-allocator-block-size=16777216"
    "memorysetup-gfx-main-allocator-block-size=16777216"
    "memorysetup-gfx-thread-allocator-block-size=16777216"
    "memorysetup-cache-allocator-block-size=4194304"
    "memorysetup-typetree-allocator-block-size=2097152"
    "memorysetup-profiler-bucket-allocator-granularity=16"
    "memorysetup-profiler-bucket-allocator-bucket-count=8"
    "memorysetup-profiler-bucket-allocator-block-size=33554432"
    "memorysetup-profiler-bucket-allocator-block-count=8"
    "memorysetup-profiler-allocator-block-size=16777216"
    "memorysetup-profiler-editor-allocator-block-size=1048576"
    "memorysetup-temp-allocator-size-main=16777216"
    "memorysetup-job-temp-allocator-block-size=2097152"
    "memorysetup-job-temp-allocator-block-size-background=1048576"
    "memorysetup-job-temp-allocator-reduction-small-platforms=262144"
    "memorysetup-temp-allocator-size-background-worker=32768"
    "memorysetup-temp-allocator-size-job-worker=262144"
    "memorysetup-temp-allocator-size-preload-manager=33554432"
    "memorysetup-temp-allocator-size-nav-mesh-worker=65536"
    "memorysetup-temp-allocator-size-audio-worker=65536"
    "memorysetup-temp-allocator-size-cloud-worker=32768"
    "memorysetup-temp-allocator-size-gi-baking-worker=262144"
    "memorysetup-temp-allocator-size-gfx=262144"
Player connection [23016] Host "[IP] 192.168.56.1 [Port] 0 [Flags] 2 [Guid] 3162139752 [EditorId] 3162139752 [Version] 1048832 [Id] WindowsEditor(7,GreatShao) [Debug] 1 [PackageName] WindowsEditor [ProjectName] Editor" joined multi-casting on [225.0.0.222:54997]...

Player connection [23016] Host "[IP] 192.168.56.1 [Port] 0 [Flags] 2 [Guid] 3162139752 [EditorId] 3162139752 [Version] 1048832 [Id] WindowsEditor(7,GreatShao) [Debug] 1 [PackageName] WindowsEditor [ProjectName] Editor" joined alternative multi-casting on [225.0.0.222:34997]...

AS: AutoStreaming module initializing.
Refreshing native plugins compatible for Editor in 53.18 ms, found 3 plugins.
Preloading 0 native plugins for Editor in 0.00 ms.
Initialize engine version: 2021.3.23f1c1 (b82b1f861975)
[Subsystems] Discovering subsystems at path D:/Program_Files/Unity/Hub/Editor/2021.3.23f1c1/Editor/Data/Resources/UnitySubsystems
[Subsystems] Discovering subsystems at path D:/sjw16/Desktop/Work_Folder/Unity/My project/Assets
GfxDevice: creating device client; threaded=0; jobified=0
Direct3D:
    Version:  Direct3D 11.0 [level 11.1]
    Renderer: NVIDIA GeForce RTX 3070 Ti Laptop GPU (ID=0x24a0)
    Vendor:   NVIDIA
    VRAM:     8032 MB
    Driver:   31.0.15.3161
Initialize mono
Mono path[0] = 'D:/Program_Files/Unity/Hub/Editor/2021.3.23f1c1/Editor/Data/Managed'
Mono path[1] = 'D:/Program_Files/Unity/Hub/Editor/2021.3.23f1c1/Editor/Data/MonoBleedingEdge/lib/mono/unityjit-win32'
Mono config path = 'D:/Program_Files/Unity/Hub/Editor/2021.3.23f1c1/Editor/Data/MonoBleedingEdge/etc'
Using monoOptions --debugger-agent=transport=dt_socket,embedding=1,server=y,suspend=n,address=127.0.0.1:56596
Begin MonoManager ReloadAssembly
Registering precompiled unity dll's ...
Register platform support module: D:/Program_Files/Unity/Hub/Editor/2021.3.23f1c1/Editor/Data/PlaybackEngines/WebGLSupport/UnityEditor.WebGL.Extensions.dll
Register platform support module: D:/Program_Files/Unity/Hub/Editor/2021.3.23f1c1/Editor/Data/PlaybackEngines/WindowsStandaloneSupport/UnityEditor.WindowsStandalone.Extensions.dll
Registered in 0.010765 seconds.
Native extension for WindowsStandalone target not found
Native extension for WebGL target not found
Refreshing native plugins compatible for Editor in 51.46 ms, found 3 plugins.
Preloading 0 native plugins for Editor in 0.00 ms.
Mono: successfully reloaded assembly
- Completed reload, in  0.477 seconds
Domain Reload Profiling:
	ReloadAssembly (477ms)
		BeginReloadAssembly (75ms)
			ExecutionOrderSort (0ms)
			DisableScriptedObjects (0ms)
			BackupInstance (0ms)
			ReleaseScriptingObjects (0ms)
			CreateAndSetChildDomain (1ms)
		EndReloadAssembly (314ms)
			LoadAssemblies (70ms)
			RebuildTransferFunctionScriptingTraits (0ms)
			SetupTypeCache (73ms)
			ReleaseScriptCaches (0ms)
			RebuildScriptCaches (18ms)
			SetupLoadedEditorAssemblies (177ms)
				LogAssemblyErrors (0ms)
				InitializePlatformSupportModulesInManaged (8ms)
				SetLoadedEditorAssemblies (0ms)
				RefreshPlugins (52ms)
				BeforeProcessingInitializeOnLoad (1ms)
				ProcessInitializeOnLoadAttributes (85ms)
				ProcessInitializeOnLoadMethodAttributes (31ms)
				AfterProcessingInitializeOnLoad (0ms)
				EditorAssembliesLoaded (0ms)
			ExecutionOrderSort2 (0ms)
			AwakeInstancesAfterBackupRestoration (0ms)
Platform modules already initialized, skipping
Registering precompiled user dll's ...
Registered in 0.009116 seconds.
Begin MonoManager ReloadAssembly
Symbol file LoadedFromMemory doesn't match image D:\sjw16\Desktop\Work_Folder\Unity\My project\Library\PackageCache\com.unity.visualscripting@1.8.0\Editor\VisualScripting.Core\Dependencies\YamlDotNet\Unity.VisualScripting.YamlDotNet.dll
Symbol file LoadedFromMemory doesn't match image D:\sjw16\Desktop\Work_Folder\Unity\My project\Library\PackageCache\com.unity.visualscripting@1.8.0\Editor\VisualScripting.Core\Dependencies\DotNetZip\Unity.VisualScripting.IonicZip.dll
Native extension for WindowsStandalone target not found
Native extension for WebGL target not found
Refreshing native plugins compatible for Editor in 0.51 ms, found 3 plugins.
Preloading 0 native plugins for Editor in 0.00 ms.
Mono: successfully reloaded assembly
- Completed reload, in  0.765 seconds
Domain Reload Profiling:
	ReloadAssembly (765ms)
		BeginReloadAssembly (103ms)
			ExecutionOrderSort (0ms)
			DisableScriptedObjects (4ms)
			BackupInstance (0ms)
			ReleaseScriptingObjects (0ms)
			CreateAndSetChildDomain (15ms)
		EndReloadAssembly (571ms)
			LoadAssemblies (81ms)
			RebuildTransferFunctionScriptingTraits (0ms)
			SetupTypeCache (177ms)
			ReleaseScriptCaches (0ms)
			RebuildScriptCaches (38ms)
			SetupLoadedEditorAssemblies (256ms)
				LogAssemblyErrors (0ms)
				InitializePlatformSupportModulesInManaged (7ms)
				SetLoadedEditorAssemblies (0ms)
				RefreshPlugins (1ms)
				BeforeProcessingInitializeOnLoad (69ms)
				ProcessInitializeOnLoadAttributes (153ms)
				ProcessInitializeOnLoadMethodAttributes (12ms)
				AfterProcessingInitializeOnLoad (15ms)
				EditorAssembliesLoaded (0ms)
			ExecutionOrderSort2 (0ms)
			AwakeInstancesAfterBackupRestoration (5ms)
Platform modules already initialized, skipping
========================================================================
Worker process is ready to serve import requests
Launched and connected shader compiler UnityShaderCompiler.exe after 0.03 seconds
Refreshing native plugins compatible for Editor in 0.39 ms, found 3 plugins.
Preloading 0 native plugins for Editor in 0.00 ms.
Unloading 3451 Unused Serialized files (Serialized files now loaded: 0)
Unloading 24 unused Assets / (114.4 KB). Loaded Objects now: 3915.
Memory consumption went from 150.6 MB to 150.5 MB.
Total: 2.258100 ms (FindLiveObjects: 0.171300 ms CreateObjectMapping: 0.077800 ms MarkObjects: 1.919800 ms  DeleteObjects: 0.088400 ms)

AssetImportParameters requested are different than current active one (requested -> active):
  custom:video-decoder-ogg-theora: a1e56fd34408186e4bbccfd4996cb3dc -> 
  custom:container-muxer-webm: aa71ff27fc2769a1b78a27578f13a17b -> 
  custom:container-demuxer-webm: 4f35f7cbe854078d1ac9338744f61a02 -> 
  custom:video-encoder-webm-vp8: eb34c28f22e8b96e1ab97ce403110664 -> 
  custom:audio-encoder-webm-vorbis: bf7c407c2cedff20999df2af8eb42d56 -> 
  custom:framework-win-MediaFoundation: 216162199b28c13a410421893ffa2e32 -> 
  custom:container-demuxer-ogg: 62fdf1f143b41e24485cea50d1cbac27 -> 
  custom:video-decoder-webm-vp8: 9c59270c3fd7afecdb556c50c9e8de78 -> 
  custom:audio-decoder-ogg-vorbis: bf7c407c2cedff20999df2af8eb42d56 -> 
========================================================================
Received Import Request.
  Time since last request: 131813.347093 seconds.
  path: Assets/Render/Shader/Magenta.shader
  artifactKey: Guid(d9b7df340e48cf04a9da28af593b704a) Importer(815301076,1909f56bfc062723c751e8b465ee728b)
Start importing Assets/Render/Shader/Magenta.shader using Guid(d9b7df340e48cf04a9da28af593b704a) Importer(815301076,1909f56bfc062723c751e8b465ee728b)  -> (artifact id: 'e4d58e4ac998d8d2a4a621e44a666e08') in 0.038762 seconds 
========================================================================
Received Import Request.
  Time since last request: 13.349343 seconds.
  path: Assets/Render/Shader/Magenta.shader
  artifactKey: Guid(d9b7df340e48cf04a9da28af593b704a) Importer(815301076,1909f56bfc062723c751e8b465ee728b)
Start importing Assets/Render/Shader/Magenta.shader using Guid(d9b7df340e48cf04a9da28af593b704a) Importer(815301076,1909f56bfc062723c751e8b465ee728b)  -> (artifact id: '69b874d2725edc58c88fbb9d6de076e9') in 0.004080 seconds 
========================================================================
Received Import Request.
  Time since last request: 12.849877 seconds.
  path: Assets/Render/Shader/Magenta.shader
  artifactKey: Guid(d9b7df340e48cf04a9da28af593b704a) Importer(815301076,1909f56bfc062723c751e8b465ee728b)
Start importing Assets/Render/Shader/Magenta.shader using Guid(d9b7df340e48cf04a9da28af593b704a) Importer(815301076,1909f56bfc062723c751e8b465ee728b)  -> (artifact id: '30cfa272f995db80ea8502121f8da059') in 0.002605 seconds 
========================================================================
Received Import Request.
  Time since last request: 3.263649 seconds.
  path: Assets/Render/Shader/Magenta.shader
  artifactKey: Guid(d9b7df340e48cf04a9da28af593b704a) Importer(815301076,1909f56bfc062723c751e8b465ee728b)
Start importing Assets/Render/Shader/Magenta.shader using Guid(d9b7df340e48cf04a9da28af593b704a) Importer(815301076,1909f56bfc062723c751e8b465ee728b)  -> (artifact id: '3023bac5650bc64cea4946484bcb0445') in 0.002034 seconds 
========================================================================
Received Import Request.
  Time since last request: 19.624430 seconds.
  path: Assets/Render/Shader/Magenta.shader
  artifactKey: Guid(d9b7df340e48cf04a9da28af593b704a) Importer(815301076,1909f56bfc062723c751e8b465ee728b)
Start importing Assets/Render/Shader/Magenta.shader using Guid(d9b7df340e48cf04a9da28af593b704a) Importer(815301076,1909f56bfc062723c751e8b465ee728b)  -> (artifact id: 'f58274377a23a658107cf24cf1cf24dd') in 0.002072 seconds 
========================================================================
Received Import Request.
  Time since last request: 12.380726 seconds.
  path: Assets/Render/Shader/Magenta.shader
  artifactKey: Guid(d9b7df340e48cf04a9da28af593b704a) Importer(815301076,1909f56bfc062723c751e8b465ee728b)
Start importing Assets/Render/Shader/Magenta.shader using Guid(d9b7df340e48cf04a9da28af593b704a) Importer(815301076,1909f56bfc062723c751e8b465ee728b)  -> (artifact id: '3bf4fb2f579a4c3a9fc5e7253606a6db') in 0.002155 seconds 
========================================================================
Received Import Request.
  Time since last request: 8.456990 seconds.
  path: Assets/Render/Shader/Magenta.shader
  artifactKey: Guid(d9b7df340e48cf04a9da28af593b704a) Importer(815301076,1909f56bfc062723c751e8b465ee728b)
Start importing Assets/Render/Shader/Magenta.shader using Guid(d9b7df340e48cf04a9da28af593b704a) Importer(815301076,1909f56bfc062723c751e8b465ee728b)  -> (artifact id: '1a8eb4cc304b1c720f08b1c5e4a377cb') in 0.002354 seconds 
========================================================================
Received Import Request.
  Time since last request: 23.183790 seconds.
  path: Assets/Render/Shader/Magenta.shader
  artifactKey: Guid(d9b7df340e48cf04a9da28af593b704a) Importer(815301076,1909f56bfc062723c751e8b465ee728b)
Start importing Assets/Render/Shader/Magenta.shader using Guid(d9b7df340e48cf04a9da28af593b704a) Importer(815301076,1909f56bfc062723c751e8b465ee728b)  -> (artifact id: '218641e381b3020263c7cde1bfdb0cd8') in 0.002083 seconds 
========================================================================
Received Import Request.
  Time since last request: 19.669180 seconds.
  path: Assets/Render/Shader/Magenta.shader
  artifactKey: Guid(d9b7df340e48cf04a9da28af593b704a) Importer(815301076,1909f56bfc062723c751e8b465ee728b)
Start importing Assets/Render/Shader/Magenta.shader using Guid(d9b7df340e48cf04a9da28af593b704a) Importer(815301076,1909f56bfc062723c751e8b465ee728b)  -> (artifact id: 'daaf21df13dc1cd2e0c3a46800150be9') in 0.002223 seconds 
========================================================================
Received Import Request.
  Time since last request: 49.537429 seconds.
  path: Assets/Render/Shader/Magenta.shader
  artifactKey: Guid(d9b7df340e48cf04a9da28af593b704a) Importer(815301076,1909f56bfc062723c751e8b465ee728b)
Start importing Assets/Render/Shader/Magenta.shader using Guid(d9b7df340e48cf04a9da28af593b704a) Importer(815301076,1909f56bfc062723c751e8b465ee728b)  -> (artifact id: '9ece47eb00a6b9daf31ddc8913e7b6bd') in 0.004607 seconds 
========================================================================
Received Import Request.
  Time since last request: 2488.628610 seconds.
  path: Assets/Render/Shader/Magenta.shader
  artifactKey: Guid(d9b7df340e48cf04a9da28af593b704a) Importer(815301076,1909f56bfc062723c751e8b465ee728b)
Start importing Assets/Render/Shader/Magenta.shader using Guid(d9b7df340e48cf04a9da28af593b704a) Importer(815301076,1909f56bfc062723c751e8b465ee728b)  -> (artifact id: '2602f3becf2a12dd0d3ec164a5de8740') in 0.010342 seconds 
========================================================================
Received Import Request.
  Time since last request: 472.607006 seconds.
  path: Assets/Render/Shader/Magenta.shader
  artifactKey: Guid(d9b7df340e48cf04a9da28af593b704a) Importer(815301076,1909f56bfc062723c751e8b465ee728b)
Start importing Assets/Render/Shader/Magenta.shader using Guid(d9b7df340e48cf04a9da28af593b704a) Importer(815301076,1909f56bfc062723c751e8b465ee728b)  -> (artifact id: 'ce074c9ae64fdcab759a875985ecec11') in 0.004375 seconds 
========================================================================
Received Import Request.
  Time since last request: 4.470981 seconds.
  path: Assets/Render/Shader/Color_Dot.shader
  artifactKey: Guid(d9b7df340e48cf04a9da28af593b704a) Importer(815301076,1909f56bfc062723c751e8b465ee728b)
Start importing Assets/Render/Shader/Color_Dot.shader using Guid(d9b7df340e48cf04a9da28af593b704a) Importer(815301076,1909f56bfc062723c751e8b465ee728b)  -> (artifact id: 'b7c42c2db6dc735dad0072fd26661422') in 0.010855 seconds 
========================================================================
Received Import Request.
  Time since last request: 25.675605 seconds.
  path: Assets/Render/Shader/Color_Dot.shader
  artifactKey: Guid(d9b7df340e48cf04a9da28af593b704a) Importer(815301076,1909f56bfc062723c751e8b465ee728b)
Start importing Assets/Render/Shader/Color_Dot.shader using Guid(d9b7df340e48cf04a9da28af593b704a) Importer(815301076,1909f56bfc062723c751e8b465ee728b)  -> (artifact id: 'd8c25390e6bb1c8b45a2b836f1096586') in 0.003362 seconds 
