Using pre-set license
Built from '2021.3/china_unity/release' branch; Version is '2021.3.23f1c1 (b82b1f861975) revision 12069663'; Using compiler version '192829333'; Build Type 'Release'
OS: 'Windows 10  (10.0.19045) 64bit Professional' Language: 'zh' Physical Memory: 16197 MB
BatchMode: 1, IsHumanControllingUs: 0, StartBugReporterOnCrash: 0, Is64bit: 1, IsPro: 1

COMMAND LINE ARGUMENTS:
D:\Program_Files\Unity\Hub\Editor\2021.3.23f1c1\Editor\Unity.exe
-adb2
-batchMode
-noUpm
-name
AssetImportWorker0
-projectPath
E:/sjw16/Desktop/GitHub/Unity/Shader
-logFile
Logs/AssetImportWorker0.log
-srvPort
56940
Successfully changed project path to: E:/sjw16/Desktop/GitHub/Unity/Shader
E:/sjw16/Desktop/GitHub/Unity/Shader
[UnityMemory] Configuration Parameters - Can be set up in boot.config
    "memorysetup-bucket-allocator-granularity=16"
    "memorysetup-bucket-allocator-bucket-count=8"
    "memorysetup-bucket-allocator-block-size=33554432"
    "memorysetup-bucket-allocator-block-count=8"
    "memorysetup-main-allocator-block-size=16777216"
    "memorysetup-thread-allocator-block-size=16777216"
    "memorysetup-gfx-main-allocator-block-size=16777216"
    "memorysetup-gfx-thread-allocator-block-size=16777216"
    "memorysetup-cache-allocator-block-size=4194304"
    "memorysetup-typetree-allocator-block-size=2097152"
    "memorysetup-profiler-bucket-allocator-granularity=16"
    "memorysetup-profiler-bucket-allocator-bucket-count=8"
    "memorysetup-profiler-bucket-allocator-block-size=33554432"
    "memorysetup-profiler-bucket-allocator-block-count=8"
    "memorysetup-profiler-allocator-block-size=16777216"
    "memorysetup-profiler-editor-allocator-block-size=1048576"
    "memorysetup-temp-allocator-size-main=16777216"
    "memorysetup-job-temp-allocator-block-size=2097152"
    "memorysetup-job-temp-allocator-block-size-background=1048576"
    "memorysetup-job-temp-allocator-reduction-small-platforms=262144"
    "memorysetup-temp-allocator-size-background-worker=32768"
    "memorysetup-temp-allocator-size-job-worker=262144"
    "memorysetup-temp-allocator-size-preload-manager=33554432"
    "memorysetup-temp-allocator-size-nav-mesh-worker=65536"
    "memorysetup-temp-allocator-size-audio-worker=65536"
    "memorysetup-temp-allocator-size-cloud-worker=32768"
    "memorysetup-temp-allocator-size-gi-baking-worker=262144"
    "memorysetup-temp-allocator-size-gfx=262144"
Player connection [26760] Host "[IP] 192.168.56.1 [Port] 0 [Flags] 2 [Guid] 2287724886 [EditorId] 2287724886 [Version] 1048832 [Id] WindowsEditor(7,CHINAMI-4K93910) [Debug] 1 [PackageName] WindowsEditor [ProjectName] Editor" joined multi-casting on [225.0.0.222:54997]...

Player connection [26760] Host "[IP] 192.168.56.1 [Port] 0 [Flags] 2 [Guid] 2287724886 [EditorId] 2287724886 [Version] 1048832 [Id] WindowsEditor(7,CHINAMI-4K93910) [Debug] 1 [PackageName] WindowsEditor [ProjectName] Editor" joined alternative multi-casting on [225.0.0.222:34997]...

AS: AutoStreaming module initializing.
Refreshing native plugins compatible for Editor in 69.39 ms, found 3 plugins.
Preloading 0 native plugins for Editor in 0.00 ms.
Initialize engine version: 2021.3.23f1c1 (b82b1f861975)
[Subsystems] Discovering subsystems at path D:/Program_Files/Unity/Hub/Editor/2021.3.23f1c1/Editor/Data/Resources/UnitySubsystems
[Subsystems] Discovering subsystems at path E:/sjw16/Desktop/GitHub/Unity/Shader/Assets
GfxDevice: creating device client; threaded=0; jobified=0
Direct3D:
    Version:  Direct3D 11.0 [level 11.1]
    Renderer: NVIDIA GeForce RTX 3060 Ti (ID=0x2486)
    Vendor:   NVIDIA
    VRAM:     8038 MB
    Driver:   31.0.15.3598
Initialize mono
Mono path[0] = 'D:/Program_Files/Unity/Hub/Editor/2021.3.23f1c1/Editor/Data/Managed'
Mono path[1] = 'D:/Program_Files/Unity/Hub/Editor/2021.3.23f1c1/Editor/Data/MonoBleedingEdge/lib/mono/unityjit-win32'
Mono config path = 'D:/Program_Files/Unity/Hub/Editor/2021.3.23f1c1/Editor/Data/MonoBleedingEdge/etc'
Using monoOptions --debugger-agent=transport=dt_socket,embedding=1,server=y,suspend=n,address=127.0.0.1:56132
Begin MonoManager ReloadAssembly
Registering precompiled unity dll's ...
Register platform support module: D:/Program_Files/Unity/Hub/Editor/2021.3.23f1c1/Editor/Data/PlaybackEngines/WebGLSupport/UnityEditor.WebGL.Extensions.dll
Register platform support module: D:/Program_Files/Unity/Hub/Editor/2021.3.23f1c1/Editor/Data/PlaybackEngines/WindowsStandaloneSupport/UnityEditor.WindowsStandalone.Extensions.dll
Registered in 0.006115 seconds.
Native extension for WindowsStandalone target not found
Native extension for WebGL target not found
Refreshing native plugins compatible for Editor in 70.03 ms, found 3 plugins.
Preloading 0 native plugins for Editor in 0.00 ms.
Mono: successfully reloaded assembly
- Completed reload, in  0.673 seconds
Domain Reload Profiling:
	ReloadAssembly (674ms)
		BeginReloadAssembly (142ms)
			ExecutionOrderSort (0ms)
			DisableScriptedObjects (0ms)
			BackupInstance (0ms)
			ReleaseScriptingObjects (0ms)
			CreateAndSetChildDomain (1ms)
		EndReloadAssembly (424ms)
			LoadAssemblies (137ms)
			RebuildTransferFunctionScriptingTraits (0ms)
			SetupTypeCache (96ms)
			ReleaseScriptCaches (0ms)
			RebuildScriptCaches (25ms)
			SetupLoadedEditorAssemblies (245ms)
				LogAssemblyErrors (0ms)
				InitializePlatformSupportModulesInManaged (10ms)
				SetLoadedEditorAssemblies (0ms)
				RefreshPlugins (70ms)
				BeforeProcessingInitializeOnLoad (1ms)
				ProcessInitializeOnLoadAttributes (115ms)
				ProcessInitializeOnLoadMethodAttributes (48ms)
				AfterProcessingInitializeOnLoad (0ms)
				EditorAssembliesLoaded (0ms)
			ExecutionOrderSort2 (0ms)
			AwakeInstancesAfterBackupRestoration (0ms)
Platform modules already initialized, skipping
Registering precompiled user dll's ...
Registered in 0.007418 seconds.
Begin MonoManager ReloadAssembly
Symbol file LoadedFromMemory doesn't match image E:\sjw16\Desktop\GitHub\Unity\Shader\Library\PackageCache\com.unity.visualscripting@1.8.0\Editor\VisualScripting.Core\Dependencies\YamlDotNet\Unity.VisualScripting.YamlDotNet.dll
Symbol file LoadedFromMemory doesn't match image E:\sjw16\Desktop\GitHub\Unity\Shader\Library\PackageCache\com.unity.visualscripting@1.8.0\Editor\VisualScripting.Core\Dependencies\DotNetZip\Unity.VisualScripting.IonicZip.dll
Native extension for WindowsStandalone target not found
Native extension for WebGL target not found
Refreshing native plugins compatible for Editor in 0.62 ms, found 3 plugins.
Preloading 0 native plugins for Editor in 0.00 ms.
Mono: successfully reloaded assembly
- Completed reload, in  1.237 seconds
Domain Reload Profiling:
	ReloadAssembly (1238ms)
		BeginReloadAssembly (143ms)
			ExecutionOrderSort (0ms)
			DisableScriptedObjects (5ms)
			BackupInstance (0ms)
			ReleaseScriptingObjects (0ms)
			CreateAndSetChildDomain (22ms)
		EndReloadAssembly (978ms)
			LoadAssemblies (133ms)
			RebuildTransferFunctionScriptingTraits (0ms)
			SetupTypeCache (263ms)
			ReleaseScriptCaches (1ms)
			RebuildScriptCaches (70ms)
			SetupLoadedEditorAssemblies (491ms)
				LogAssemblyErrors (0ms)
				InitializePlatformSupportModulesInManaged (7ms)
				SetLoadedEditorAssemblies (0ms)
				RefreshPlugins (1ms)
				BeforeProcessingInitializeOnLoad (91ms)
				ProcessInitializeOnLoadAttributes (361ms)
				ProcessInitializeOnLoadMethodAttributes (15ms)
				AfterProcessingInitializeOnLoad (16ms)
				EditorAssembliesLoaded (0ms)
			ExecutionOrderSort2 (0ms)
			AwakeInstancesAfterBackupRestoration (6ms)
Platform modules already initialized, skipping
========================================================================
Worker process is ready to serve import requests
Launched and connected shader compiler UnityShaderCompiler.exe after 0.67 seconds
Refreshing native plugins compatible for Editor in 0.68 ms, found 3 plugins.
Preloading 0 native plugins for Editor in 0.00 ms.
Unloading 3453 Unused Serialized files (Serialized files now loaded: 0)
Unloading 24 unused Assets / (114.8 KB). Loaded Objects now: 3917.
Memory consumption went from 151.4 MB to 151.3 MB.
Total: 2.924200 ms (FindLiveObjects: 0.271400 ms CreateObjectMapping: 0.078200 ms MarkObjects: 2.462000 ms  DeleteObjects: 0.111700 ms)

AssetImportParameters requested are different than current active one (requested -> active):
  custom:video-decoder-ogg-theora: a1e56fd34408186e4bbccfd4996cb3dc -> 
  custom:container-muxer-webm: aa71ff27fc2769a1b78a27578f13a17b -> 
  custom:container-demuxer-webm: 4f35f7cbe854078d1ac9338744f61a02 -> 
  custom:video-encoder-webm-vp8: eb34c28f22e8b96e1ab97ce403110664 -> 
  custom:audio-encoder-webm-vorbis: bf7c407c2cedff20999df2af8eb42d56 -> 
  custom:framework-win-MediaFoundation: 216162199b28c13a410421893ffa2e32 -> 
  custom:container-demuxer-ogg: 62fdf1f143b41e24485cea50d1cbac27 -> 
  custom:video-decoder-webm-vp8: 9c59270c3fd7afecdb556c50c9e8de78 -> 
  custom:audio-decoder-ogg-vorbis: bf7c407c2cedff20999df2af8eb42d56 -> 
========================================================================
Received Import Request.
  Time since last request: 194670.272102 seconds.
  path: Assets/Render/Shader/3/Magenta_Ramp.shader
  artifactKey: Guid(6dc79b7e2ac8e5c4b9a8bbadad8767d7) Importer(815301076,1909f56bfc062723c751e8b465ee728b)
Start importing Assets/Render/Shader/3/Magenta_Ramp.shader using Guid(6dc79b7e2ac8e5c4b9a8bbadad8767d7) Importer(815301076,1909f56bfc062723c751e8b465ee728b)  -> (artifact id: '7257f57ccfca99f8d8341f0f3e1165bf') in 0.030048 seconds 
========================================================================
Received Import Request.
  Time since last request: 72.770748 seconds.
  path: Assets/Render/Shader/3/Magenta_Ramp.shader
  artifactKey: Guid(6dc79b7e2ac8e5c4b9a8bbadad8767d7) Importer(815301076,1909f56bfc062723c751e8b465ee728b)
Start importing Assets/Render/Shader/3/Magenta_Ramp.shader using Guid(6dc79b7e2ac8e5c4b9a8bbadad8767d7) Importer(815301076,1909f56bfc062723c751e8b465ee728b)  -> (artifact id: '54973bcdeeb5a3d23f7ebed0d5c646fe') in 0.001795 seconds 
========================================================================
Received Import Request.
  Time since last request: 23.288605 seconds.
  path: Assets/Render/Shader/3/Magenta_Ramp.shader
  artifactKey: Guid(6dc79b7e2ac8e5c4b9a8bbadad8767d7) Importer(815301076,1909f56bfc062723c751e8b465ee728b)
Start importing Assets/Render/Shader/3/Magenta_Ramp.shader using Guid(6dc79b7e2ac8e5c4b9a8bbadad8767d7) Importer(815301076,1909f56bfc062723c751e8b465ee728b)  -> (artifact id: 'baf165fb73675a57fa705d5c55471cd8') in 0.002504 seconds 
========================================================================
Received Import Request.
  Time since last request: 43.235464 seconds.
  path: Assets/Render/Shader/3/Magenta_Ramp.shader
  artifactKey: Guid(6dc79b7e2ac8e5c4b9a8bbadad8767d7) Importer(815301076,1909f56bfc062723c751e8b465ee728b)
Start importing Assets/Render/Shader/3/Magenta_Ramp.shader using Guid(6dc79b7e2ac8e5c4b9a8bbadad8767d7) Importer(815301076,1909f56bfc062723c751e8b465ee728b)  -> (artifact id: 'f2ac172cacce1f326e3a558e469ca91f') in 0.001775 seconds 
========================================================================
Received Import Request.
  Time since last request: 32.817097 seconds.
  path: Assets/Render/Shader/3/Magenta_Ramp.shader
  artifactKey: Guid(6dc79b7e2ac8e5c4b9a8bbadad8767d7) Importer(815301076,1909f56bfc062723c751e8b465ee728b)
Start importing Assets/Render/Shader/3/Magenta_Ramp.shader using Guid(6dc79b7e2ac8e5c4b9a8bbadad8767d7) Importer(815301076,1909f56bfc062723c751e8b465ee728b)  -> (artifact id: 'c63ba7f918e3c1cb560d67a2c0080564') in 0.001993 seconds 
========================================================================
Received Import Request.
  Time since last request: 6.391265 seconds.
  path: Assets/Render/Shader/3/Magenta_Ramp.shader
  artifactKey: Guid(6dc79b7e2ac8e5c4b9a8bbadad8767d7) Importer(815301076,1909f56bfc062723c751e8b465ee728b)
Start importing Assets/Render/Shader/3/Magenta_Ramp.shader using Guid(6dc79b7e2ac8e5c4b9a8bbadad8767d7) Importer(815301076,1909f56bfc062723c751e8b465ee728b)  -> (artifact id: '0b2867a0e454adb9a65e5f94149538e8') in 0.001904 seconds 
========================================================================
Received Import Request.
  Time since last request: 12.281157 seconds.
  path: Assets/Render/Shader/3/Magenta_Ramp.shader
  artifactKey: Guid(6dc79b7e2ac8e5c4b9a8bbadad8767d7) Importer(815301076,1909f56bfc062723c751e8b465ee728b)
Start importing Assets/Render/Shader/3/Magenta_Ramp.shader using Guid(6dc79b7e2ac8e5c4b9a8bbadad8767d7) Importer(815301076,1909f56bfc062723c751e8b465ee728b)  -> (artifact id: '80574af9d6108ab59f04ea3da93eb5fc') in 0.001839 seconds 
